<?xml version="1.0" encoding="UTF-8"?>
<!-- Generated by org.testng.reporters.JUnitReportReporter -->
<testsuite skipped="0" hostname="FIAZ" name="tests.DemoqaTests" tests="2" failures="0" timestamp="2020-12-07T17:21:47 PKT" time="54.091" errors="0">
  <testcase name="verifyFormSubmission" time="28.714" classname="tests.DemoqaTests"/>
  <system-out/>
  <testcase name="verifyRequiredField" time="25.377" classname="tests.DemoqaTests"/>
  <system-out/>
</testsuite> <!-- tests.DemoqaTests -->
