<?xml version="1.0" encoding="UTF-8"?>
<!-- Generated by org.testng.reporters.JUnitReportReporter -->
<testsuite skipped="0" hostname="DESKTOP-QD7GK1O" name="tests.DemoqaTests" tests="2" failures="0" timestamp="2020-12-07T23:22:11 PKT" time="56.339" errors="0">
  <testcase name="verifyFormSubmission" time="30.803" classname="tests.DemoqaTests"/>
  <system-out/>
  <testcase name="verifyRequiredField" time="25.536" classname="tests.DemoqaTests"/>
  <system-out/>
</testsuite> <!-- tests.DemoqaTests -->
